Terminals unused in grammar

   ERROR


Grammar

    0 $accept: Program $end

    1 Program: ExtDefList

    2 ExtDefList: ExtDef ExtDefList
    3           | %empty

    4 $@1: %empty

    5 ExtDefList: Specifier $@1 ExtDefList

    6 $@2: %empty

    7 ExtDefList: Specifier ExtDecList $@2 ExtDefList

    8 ExtDec: Specifier FunDec SEMI

    9 ExtDef: Specifier ExtDecList SEMI
   10       | Specifier SEMI
   11       | Specifier FunDec CompSt
   12       | ExtDec
   13       | error SEMI

   14 ExtDecList: VarDec
   15           | VarDec COMMA ExtDecList

   16 Specifier: TYPE
   17          | StructSpecifier

   18 StructSpecifier: STRUCT OptTag LC DefList RC
   19                | STRUCT Tag

   20 OptTag: ID
   21       | %empty

   22 Tag: ID

   23 VarDec: ID
   24       | VarDec LB INT RB

   25 FunDec: ID LP VarList RP
   26       | ID LP RP

   27 VarList: ParamDec COMMA VarList
   28        | ParamDec

   29 ParamDec: Specifier VarDec

   30 CompSt: LC DefList StmtList RC

   31 StmtList: Stmt StmtList
   32         | %empty

   33 Stmt: Exp SEMI
   34     | CompSt
   35     | RETURN Exp SEMI
   36     | IF LP Exp RP Stmt
   37     | IF LP Exp RP Stmt ELSE Stmt
   38     | WHILE LP Exp RP Stmt
   39     | error SEMI

   40 DefList: Def DefList
   41        | %empty

   42 Def: Specifier DecList SEMI

   43 $@3: %empty

   44 Def: Specifier error $@3 SEMI

   45 DecList: Dec
   46        | Dec COMMA DecList

   47 Dec: VarDec
   48    | VarDec ASSIGNOP Exp

   49 Exp: Exp ASSIGNOP Exp
   50    | Exp AND Exp
   51    | Exp OR Exp
   52    | Exp RELOP Exp
   53    | Exp PLUS Exp
   54    | Exp MINUS Exp
   55    | Exp STAR Exp
   56    | Exp DIV Exp
   57    | LP Exp RP
   58    | MINUS Exp
   59    | NOT Exp
   60    | ID LP Args RP
   61    | ID LP RP
   62    | Exp LB Exp RB
   63    | Exp DOT ID
   64    | ID
   65    | INT
   66    | FLOAT
   67    | LP error RP
   68    | LP Exp error RP

   69 Args: Exp COMMA Args
   70     | Exp


Terminals, with rules where they appear

$end (0) 0
error (256) 13 39 44 67 68
INT (258) 24 65
FLOAT (259) 66
ID (260) 20 22 23 25 26 60 61 63 64
SEMI (261) 8 9 10 13 33 35 39 42 44
COMMA (262) 15 27 46 69
ASSIGNOP (263) 48 49
RELOP (264) 52
PLUS (265) 53
MINUS (266) 54 58
STAR (267) 55
DIV (268) 56
AND (269) 50
OR (270) 51
DOT (271) 63
NOT (272) 59
TYPE (273) 16
LP (274) 25 26 36 37 38 57 60 61 67 68
RP (275) 25 26 36 37 38 57 60 61 67 68
LB (276) 24 62
RB (277) 24 62
LC (278) 18 30
RC (279) 18 30
STRUCT (280) 18 19
RETURN (281) 35
IF (282) 36 37
ELSE (283) 37
WHILE (284) 38
ERROR (285)
LOWER_THAN_ELSE (286)


Nonterminals, with rules where they appear

$accept (32)
    on left: 0
Program (33)
    on left: 1, on right: 0
ExtDefList (34)
    on left: 2 3 5 7, on right: 1 2 5 7
$@1 (35)
    on left: 4, on right: 5
$@2 (36)
    on left: 6, on right: 7
ExtDec (37)
    on left: 8, on right: 12
ExtDef (38)
    on left: 9 10 11 12 13, on right: 2
ExtDecList (39)
    on left: 14 15, on right: 7 9 15
Specifier (40)
    on left: 16 17, on right: 5 7 8 9 10 11 29 42 44
StructSpecifier (41)
    on left: 18 19, on right: 17
OptTag (42)
    on left: 20 21, on right: 18
Tag (43)
    on left: 22, on right: 19
VarDec (44)
    on left: 23 24, on right: 14 15 24 29 47 48
FunDec (45)
    on left: 25 26, on right: 8 11
VarList (46)
    on left: 27 28, on right: 25 27
ParamDec (47)
    on left: 29, on right: 27 28
CompSt (48)
    on left: 30, on right: 11 34
StmtList (49)
    on left: 31 32, on right: 30 31
Stmt (50)
    on left: 33 34 35 36 37 38 39, on right: 31 36 37 38
DefList (51)
    on left: 40 41, on right: 18 30 40
Def (52)
    on left: 42 44, on right: 40
$@3 (53)
    on left: 43, on right: 44
DecList (54)
    on left: 45 46, on right: 42 46
Dec (55)
    on left: 47 48, on right: 45 46
Exp (56)
    on left: 49 50 51 52 53 54 55 56 57 58 59 60 61 62 63 64 65 66
    67 68, on right: 33 35 36 37 38 48 49 50 51 52 53 54 55 56 57 58
    59 62 63 68 69 70
Args (57)
    on left: 69 70, on right: 60 69


State 0

    0 $accept: . Program $end

    error   shift, and go to state 1
    TYPE    shift, and go to state 2
    STRUCT  shift, and go to state 3

    $end  reduce using rule 3 (ExtDefList)

    Program          go to state 4
    ExtDefList       go to state 5
    ExtDec           go to state 6
    ExtDef           go to state 7
    Specifier        go to state 8
    StructSpecifier  go to state 9


State 1

   13 ExtDef: error . SEMI

    SEMI  shift, and go to state 10


State 2

   16 Specifier: TYPE .

    $default  reduce using rule 16 (Specifier)


State 3

   18 StructSpecifier: STRUCT . OptTag LC DefList RC
   19                | STRUCT . Tag

    ID  shift, and go to state 11

    $default  reduce using rule 21 (OptTag)

    OptTag  go to state 12
    Tag     go to state 13


State 4

    0 $accept: Program . $end

    $end  shift, and go to state 14


State 5

    1 Program: ExtDefList .

    $default  reduce using rule 1 (Program)


State 6

   12 ExtDef: ExtDec .

    $default  reduce using rule 12 (ExtDef)


State 7

    2 ExtDefList: ExtDef . ExtDefList

    error   shift, and go to state 1
    TYPE    shift, and go to state 2
    STRUCT  shift, and go to state 3

    $end  reduce using rule 3 (ExtDefList)

    ExtDefList       go to state 15
    ExtDec           go to state 6
    ExtDef           go to state 7
    Specifier        go to state 8
    StructSpecifier  go to state 9


State 8

    5 ExtDefList: Specifier . $@1 ExtDefList
    7           | Specifier . ExtDecList $@2 ExtDefList
    8 ExtDec: Specifier . FunDec SEMI
    9 ExtDef: Specifier . ExtDecList SEMI
   10       | Specifier . SEMI
   11       | Specifier . FunDec CompSt

    ID    shift, and go to state 16
    SEMI  shift, and go to state 17

    $default  reduce using rule 4 ($@1)

    $@1         go to state 18
    ExtDecList  go to state 19
    VarDec      go to state 20
    FunDec      go to state 21


State 9

   17 Specifier: StructSpecifier .

    $default  reduce using rule 17 (Specifier)


State 10

   13 ExtDef: error SEMI .

    $default  reduce using rule 13 (ExtDef)


State 11

   20 OptTag: ID .
   22 Tag: ID .

    LC        reduce using rule 20 (OptTag)
    $default  reduce using rule 22 (Tag)


State 12

   18 StructSpecifier: STRUCT OptTag . LC DefList RC

    LC  shift, and go to state 22


State 13

   19 StructSpecifier: STRUCT Tag .

    $default  reduce using rule 19 (StructSpecifier)


State 14

    0 $accept: Program $end .

    $default  accept


State 15

    2 ExtDefList: ExtDef ExtDefList .

    $default  reduce using rule 2 (ExtDefList)


State 16

   23 VarDec: ID .
   25 FunDec: ID . LP VarList RP
   26       | ID . LP RP

    LP  shift, and go to state 23

    $default  reduce using rule 23 (VarDec)


State 17

   10 ExtDef: Specifier SEMI .

    $default  reduce using rule 10 (ExtDef)


State 18

    5 ExtDefList: Specifier $@1 . ExtDefList

    error   shift, and go to state 1
    TYPE    shift, and go to state 2
    STRUCT  shift, and go to state 3

    $end  reduce using rule 3 (ExtDefList)

    ExtDefList       go to state 24
    ExtDec           go to state 6
    ExtDef           go to state 7
    Specifier        go to state 8
    StructSpecifier  go to state 9


State 19

    7 ExtDefList: Specifier ExtDecList . $@2 ExtDefList
    9 ExtDef: Specifier ExtDecList . SEMI

    SEMI  shift, and go to state 25

    $default  reduce using rule 6 ($@2)

    $@2  go to state 26


State 20

   14 ExtDecList: VarDec .
   15           | VarDec . COMMA ExtDecList
   24 VarDec: VarDec . LB INT RB

    COMMA  shift, and go to state 27
    LB     shift, and go to state 28

    $default  reduce using rule 14 (ExtDecList)


State 21

    8 ExtDec: Specifier FunDec . SEMI
   11 ExtDef: Specifier FunDec . CompSt

    SEMI  shift, and go to state 29
    LC    shift, and go to state 30

    CompSt  go to state 31


State 22

   18 StructSpecifier: STRUCT OptTag LC . DefList RC

    TYPE    shift, and go to state 2
    STRUCT  shift, and go to state 3

    $default  reduce using rule 41 (DefList)

    Specifier        go to state 32
    StructSpecifier  go to state 9
    DefList          go to state 33
    Def              go to state 34


State 23

   25 FunDec: ID LP . VarList RP
   26       | ID LP . RP

    TYPE    shift, and go to state 2
    RP      shift, and go to state 35
    STRUCT  shift, and go to state 3

    Specifier        go to state 36
    StructSpecifier  go to state 9
    VarList          go to state 37
    ParamDec         go to state 38


State 24

    5 ExtDefList: Specifier $@1 ExtDefList .

    $default  reduce using rule 5 (ExtDefList)


State 25

    9 ExtDef: Specifier ExtDecList SEMI .

    $default  reduce using rule 9 (ExtDef)


State 26

    7 ExtDefList: Specifier ExtDecList $@2 . ExtDefList

    error   shift, and go to state 1
    TYPE    shift, and go to state 2
    STRUCT  shift, and go to state 3

    $end  reduce using rule 3 (ExtDefList)

    ExtDefList       go to state 39
    ExtDec           go to state 6
    ExtDef           go to state 7
    Specifier        go to state 8
    StructSpecifier  go to state 9


State 27

   15 ExtDecList: VarDec COMMA . ExtDecList

    ID  shift, and go to state 40

    ExtDecList  go to state 41
    VarDec      go to state 20


State 28

   24 VarDec: VarDec LB . INT RB

    INT  shift, and go to state 42


State 29

    8 ExtDec: Specifier FunDec SEMI .

    $default  reduce using rule 8 (ExtDec)


State 30

   30 CompSt: LC . DefList StmtList RC

    TYPE    shift, and go to state 2
    STRUCT  shift, and go to state 3

    $default  reduce using rule 41 (DefList)

    Specifier        go to state 32
    StructSpecifier  go to state 9
    DefList          go to state 43
    Def              go to state 34


State 31

   11 ExtDef: Specifier FunDec CompSt .

    $default  reduce using rule 11 (ExtDef)


State 32

   42 Def: Specifier . DecList SEMI
   44    | Specifier . error $@3 SEMI

    error  shift, and go to state 44
    ID     shift, and go to state 40

    VarDec   go to state 45
    DecList  go to state 46
    Dec      go to state 47


State 33

   18 StructSpecifier: STRUCT OptTag LC DefList . RC

    RC  shift, and go to state 48


State 34

   40 DefList: Def . DefList

    TYPE    shift, and go to state 2
    STRUCT  shift, and go to state 3

    $default  reduce using rule 41 (DefList)

    Specifier        go to state 32
    StructSpecifier  go to state 9
    DefList          go to state 49
    Def              go to state 34


State 35

   26 FunDec: ID LP RP .

    $default  reduce using rule 26 (FunDec)


State 36

   29 ParamDec: Specifier . VarDec

    ID  shift, and go to state 40

    VarDec  go to state 50


State 37

   25 FunDec: ID LP VarList . RP

    RP  shift, and go to state 51


State 38

   27 VarList: ParamDec . COMMA VarList
   28        | ParamDec .

    COMMA  shift, and go to state 52

    $default  reduce using rule 28 (VarList)


State 39

    7 ExtDefList: Specifier ExtDecList $@2 ExtDefList .

    $default  reduce using rule 7 (ExtDefList)


State 40

   23 VarDec: ID .

    $default  reduce using rule 23 (VarDec)


State 41

   15 ExtDecList: VarDec COMMA ExtDecList .

    $default  reduce using rule 15 (ExtDecList)


State 42

   24 VarDec: VarDec LB INT . RB

    RB  shift, and go to state 53


State 43

   30 CompSt: LC DefList . StmtList RC

    error   shift, and go to state 54
    INT     shift, and go to state 55
    FLOAT   shift, and go to state 56
    ID      shift, and go to state 57
    MINUS   shift, and go to state 58
    NOT     shift, and go to state 59
    LP      shift, and go to state 60
    LC      shift, and go to state 30
    RETURN  shift, and go to state 61
    IF      shift, and go to state 62
    WHILE   shift, and go to state 63

    RC  reduce using rule 32 (StmtList)

    CompSt    go to state 64
    StmtList  go to state 65
    Stmt      go to state 66
    Exp       go to state 67


State 44

   44 Def: Specifier error . $@3 SEMI

    $default  reduce using rule 43 ($@3)

    $@3  go to state 68


State 45

   24 VarDec: VarDec . LB INT RB
   47 Dec: VarDec .
   48    | VarDec . ASSIGNOP Exp

    ASSIGNOP  shift, and go to state 69
    LB        shift, and go to state 28

    $default  reduce using rule 47 (Dec)


State 46

   42 Def: Specifier DecList . SEMI

    SEMI  shift, and go to state 70


State 47

   45 DecList: Dec .
   46        | Dec . COMMA DecList

    COMMA  shift, and go to state 71

    $default  reduce using rule 45 (DecList)


State 48

   18 StructSpecifier: STRUCT OptTag LC DefList RC .

    $default  reduce using rule 18 (StructSpecifier)


State 49

   40 DefList: Def DefList .

    $default  reduce using rule 40 (DefList)


State 50

   24 VarDec: VarDec . LB INT RB
   29 ParamDec: Specifier VarDec .

    LB  shift, and go to state 28

    $default  reduce using rule 29 (ParamDec)


State 51

   25 FunDec: ID LP VarList RP .

    $default  reduce using rule 25 (FunDec)


State 52

   27 VarList: ParamDec COMMA . VarList

    TYPE    shift, and go to state 2
    STRUCT  shift, and go to state 3

    Specifier        go to state 36
    StructSpecifier  go to state 9
    VarList          go to state 72
    ParamDec         go to state 38


State 53

   24 VarDec: VarDec LB INT RB .

    $default  reduce using rule 24 (VarDec)


State 54

   39 Stmt: error . SEMI

    SEMI  shift, and go to state 73


State 55

   65 Exp: INT .

    $default  reduce using rule 65 (Exp)


State 56

   66 Exp: FLOAT .

    $default  reduce using rule 66 (Exp)


State 57

   60 Exp: ID . LP Args RP
   61    | ID . LP RP
   64    | ID .

    LP  shift, and go to state 74

    $default  reduce using rule 64 (Exp)


State 58

   58 Exp: MINUS . Exp

    INT    shift, and go to state 55
    FLOAT  shift, and go to state 56
    ID     shift, and go to state 57
    MINUS  shift, and go to state 58
    NOT    shift, and go to state 59
    LP     shift, and go to state 60

    Exp  go to state 75


State 59

   59 Exp: NOT . Exp

    INT    shift, and go to state 55
    FLOAT  shift, and go to state 56
    ID     shift, and go to state 57
    MINUS  shift, and go to state 58
    NOT    shift, and go to state 59
    LP     shift, and go to state 60

    Exp  go to state 76


State 60

   57 Exp: LP . Exp RP
   67    | LP . error RP
   68    | LP . Exp error RP

    error  shift, and go to state 77
    INT    shift, and go to state 55
    FLOAT  shift, and go to state 56
    ID     shift, and go to state 57
    MINUS  shift, and go to state 58
    NOT    shift, and go to state 59
    LP     shift, and go to state 60

    Exp  go to state 78


State 61

   35 Stmt: RETURN . Exp SEMI

    INT    shift, and go to state 55
    FLOAT  shift, and go to state 56
    ID     shift, and go to state 57
    MINUS  shift, and go to state 58
    NOT    shift, and go to state 59
    LP     shift, and go to state 60

    Exp  go to state 79


State 62

   36 Stmt: IF . LP Exp RP Stmt
   37     | IF . LP Exp RP Stmt ELSE Stmt

    LP  shift, and go to state 80


State 63

   38 Stmt: WHILE . LP Exp RP Stmt

    LP  shift, and go to state 81


State 64

   34 Stmt: CompSt .

    $default  reduce using rule 34 (Stmt)


State 65

   30 CompSt: LC DefList StmtList . RC

    RC  shift, and go to state 82


State 66

   31 StmtList: Stmt . StmtList

    error   shift, and go to state 54
    INT     shift, and go to state 55
    FLOAT   shift, and go to state 56
    ID      shift, and go to state 57
    MINUS   shift, and go to state 58
    NOT     shift, and go to state 59
    LP      shift, and go to state 60
    LC      shift, and go to state 30
    RETURN  shift, and go to state 61
    IF      shift, and go to state 62
    WHILE   shift, and go to state 63

    RC  reduce using rule 32 (StmtList)

    CompSt    go to state 64
    StmtList  go to state 83
    Stmt      go to state 66
    Exp       go to state 67


State 67

   33 Stmt: Exp . SEMI
   49 Exp: Exp . ASSIGNOP Exp
   50    | Exp . AND Exp
   51    | Exp . OR Exp
   52    | Exp . RELOP Exp
   53    | Exp . PLUS Exp
   54    | Exp . MINUS Exp
   55    | Exp . STAR Exp
   56    | Exp . DIV Exp
   62    | Exp . LB Exp RB
   63    | Exp . DOT ID

    SEMI      shift, and go to state 84
    ASSIGNOP  shift, and go to state 85
    RELOP     shift, and go to state 86
    PLUS      shift, and go to state 87
    MINUS     shift, and go to state 88
    STAR      shift, and go to state 89
    DIV       shift, and go to state 90
    AND       shift, and go to state 91
    OR        shift, and go to state 92
    DOT       shift, and go to state 93
    LB        shift, and go to state 94


State 68

   44 Def: Specifier error $@3 . SEMI

    SEMI  shift, and go to state 95


State 69

   48 Dec: VarDec ASSIGNOP . Exp

    INT    shift, and go to state 55
    FLOAT  shift, and go to state 56
    ID     shift, and go to state 57
    MINUS  shift, and go to state 58
    NOT    shift, and go to state 59
    LP     shift, and go to state 60

    Exp  go to state 96


State 70

   42 Def: Specifier DecList SEMI .

    $default  reduce using rule 42 (Def)


State 71

   46 DecList: Dec COMMA . DecList

    ID  shift, and go to state 40

    VarDec   go to state 45
    DecList  go to state 97
    Dec      go to state 47


State 72

   27 VarList: ParamDec COMMA VarList .

    $default  reduce using rule 27 (VarList)


State 73

   39 Stmt: error SEMI .

    $default  reduce using rule 39 (Stmt)


State 74

   60 Exp: ID LP . Args RP
   61    | ID LP . RP

    INT    shift, and go to state 55
    FLOAT  shift, and go to state 56
    ID     shift, and go to state 57
    MINUS  shift, and go to state 58
    NOT    shift, and go to state 59
    LP     shift, and go to state 60
    RP     shift, and go to state 98

    Exp   go to state 99
    Args  go to state 100


State 75

   49 Exp: Exp . ASSIGNOP Exp
   50    | Exp . AND Exp
   51    | Exp . OR Exp
   52    | Exp . RELOP Exp
   53    | Exp . PLUS Exp
   54    | Exp . MINUS Exp
   55    | Exp . STAR Exp
   56    | Exp . DIV Exp
   58    | MINUS Exp .
   62    | Exp . LB Exp RB
   63    | Exp . DOT ID

    STAR  shift, and go to state 89
    DIV   shift, and go to state 90
    DOT   shift, and go to state 93
    LB    shift, and go to state 94

    $default  reduce using rule 58 (Exp)


State 76

   49 Exp: Exp . ASSIGNOP Exp
   50    | Exp . AND Exp
   51    | Exp . OR Exp
   52    | Exp . RELOP Exp
   53    | Exp . PLUS Exp
   54    | Exp . MINUS Exp
   55    | Exp . STAR Exp
   56    | Exp . DIV Exp
   59    | NOT Exp .
   62    | Exp . LB Exp RB
   63    | Exp . DOT ID

    DOT  shift, and go to state 93
    LB   shift, and go to state 94

    $default  reduce using rule 59 (Exp)


State 77

   67 Exp: LP error . RP

    RP  shift, and go to state 101


State 78

   49 Exp: Exp . ASSIGNOP Exp
   50    | Exp . AND Exp
   51    | Exp . OR Exp
   52    | Exp . RELOP Exp
   53    | Exp . PLUS Exp
   54    | Exp . MINUS Exp
   55    | Exp . STAR Exp
   56    | Exp . DIV Exp
   57    | LP Exp . RP
   62    | Exp . LB Exp RB
   63    | Exp . DOT ID
   68    | LP Exp . error RP

    error     shift, and go to state 102
    ASSIGNOP  shift, and go to state 85
    RELOP     shift, and go to state 86
    PLUS      shift, and go to state 87
    MINUS     shift, and go to state 88
    STAR      shift, and go to state 89
    DIV       shift, and go to state 90
    AND       shift, and go to state 91
    OR        shift, and go to state 92
    DOT       shift, and go to state 93
    RP        shift, and go to state 103
    LB        shift, and go to state 94


State 79

   35 Stmt: RETURN Exp . SEMI
   49 Exp: Exp . ASSIGNOP Exp
   50    | Exp . AND Exp
   51    | Exp . OR Exp
   52    | Exp . RELOP Exp
   53    | Exp . PLUS Exp
   54    | Exp . MINUS Exp
   55    | Exp . STAR Exp
   56    | Exp . DIV Exp
   62    | Exp . LB Exp RB
   63    | Exp . DOT ID

    SEMI      shift, and go to state 104
    ASSIGNOP  shift, and go to state 85
    RELOP     shift, and go to state 86
    PLUS      shift, and go to state 87
    MINUS     shift, and go to state 88
    STAR      shift, and go to state 89
    DIV       shift, and go to state 90
    AND       shift, and go to state 91
    OR        shift, and go to state 92
    DOT       shift, and go to state 93
    LB        shift, and go to state 94


State 80

   36 Stmt: IF LP . Exp RP Stmt
   37     | IF LP . Exp RP Stmt ELSE Stmt

    INT    shift, and go to state 55
    FLOAT  shift, and go to state 56
    ID     shift, and go to state 57
    MINUS  shift, and go to state 58
    NOT    shift, and go to state 59
    LP     shift, and go to state 60

    Exp  go to state 105


State 81

   38 Stmt: WHILE LP . Exp RP Stmt

    INT    shift, and go to state 55
    FLOAT  shift, and go to state 56
    ID     shift, and go to state 57
    MINUS  shift, and go to state 58
    NOT    shift, and go to state 59
    LP     shift, and go to state 60

    Exp  go to state 106


State 82

   30 CompSt: LC DefList StmtList RC .

    $default  reduce using rule 30 (CompSt)


State 83

   31 StmtList: Stmt StmtList .

    $default  reduce using rule 31 (StmtList)


State 84

   33 Stmt: Exp SEMI .

    $default  reduce using rule 33 (Stmt)


State 85

   49 Exp: Exp ASSIGNOP . Exp

    INT    shift, and go to state 55
    FLOAT  shift, and go to state 56
    ID     shift, and go to state 57
    MINUS  shift, and go to state 58
    NOT    shift, and go to state 59
    LP     shift, and go to state 60

    Exp  go to state 107


State 86

   52 Exp: Exp RELOP . Exp

    INT    shift, and go to state 55
    FLOAT  shift, and go to state 56
    ID     shift, and go to state 57
    MINUS  shift, and go to state 58
    NOT    shift, and go to state 59
    LP     shift, and go to state 60

    Exp  go to state 108


State 87

   53 Exp: Exp PLUS . Exp

    INT    shift, and go to state 55
    FLOAT  shift, and go to state 56
    ID     shift, and go to state 57
    MINUS  shift, and go to state 58
    NOT    shift, and go to state 59
    LP     shift, and go to state 60

    Exp  go to state 109


State 88

   54 Exp: Exp MINUS . Exp

    INT    shift, and go to state 55
    FLOAT  shift, and go to state 56
    ID     shift, and go to state 57
    MINUS  shift, and go to state 58
    NOT    shift, and go to state 59
    LP     shift, and go to state 60

    Exp  go to state 110


State 89

   55 Exp: Exp STAR . Exp

    INT    shift, and go to state 55
    FLOAT  shift, and go to state 56
    ID     shift, and go to state 57
    MINUS  shift, and go to state 58
    NOT    shift, and go to state 59
    LP     shift, and go to state 60

    Exp  go to state 111


State 90

   56 Exp: Exp DIV . Exp

    INT    shift, and go to state 55
    FLOAT  shift, and go to state 56
    ID     shift, and go to state 57
    MINUS  shift, and go to state 58
    NOT    shift, and go to state 59
    LP     shift, and go to state 60

    Exp  go to state 112


State 91

   50 Exp: Exp AND . Exp

    INT    shift, and go to state 55
    FLOAT  shift, and go to state 56
    ID     shift, and go to state 57
    MINUS  shift, and go to state 58
    NOT    shift, and go to state 59
    LP     shift, and go to state 60

    Exp  go to state 113


State 92

   51 Exp: Exp OR . Exp

    INT    shift, and go to state 55
    FLOAT  shift, and go to state 56
    ID     shift, and go to state 57
    MINUS  shift, and go to state 58
    NOT    shift, and go to state 59
    LP     shift, and go to state 60

    Exp  go to state 114


State 93

   63 Exp: Exp DOT . ID

    ID  shift, and go to state 115


State 94

   62 Exp: Exp LB . Exp RB

    INT    shift, and go to state 55
    FLOAT  shift, and go to state 56
    ID     shift, and go to state 57
    MINUS  shift, and go to state 58
    NOT    shift, and go to state 59
    LP     shift, and go to state 60

    Exp  go to state 116


State 95

   44 Def: Specifier error $@3 SEMI .

    $default  reduce using rule 44 (Def)


State 96

   48 Dec: VarDec ASSIGNOP Exp .
   49 Exp: Exp . ASSIGNOP Exp
   50    | Exp . AND Exp
   51    | Exp . OR Exp
   52    | Exp . RELOP Exp
   53    | Exp . PLUS Exp
   54    | Exp . MINUS Exp
   55    | Exp . STAR Exp
   56    | Exp . DIV Exp
   62    | Exp . LB Exp RB
   63    | Exp . DOT ID

    ASSIGNOP  shift, and go to state 85
    RELOP     shift, and go to state 86
    PLUS      shift, and go to state 87
    MINUS     shift, and go to state 88
    STAR      shift, and go to state 89
    DIV       shift, and go to state 90
    AND       shift, and go to state 91
    OR        shift, and go to state 92
    DOT       shift, and go to state 93
    LB        shift, and go to state 94

    $default  reduce using rule 48 (Dec)


State 97

   46 DecList: Dec COMMA DecList .

    $default  reduce using rule 46 (DecList)


State 98

   61 Exp: ID LP RP .

    $default  reduce using rule 61 (Exp)


State 99

   49 Exp: Exp . ASSIGNOP Exp
   50    | Exp . AND Exp
   51    | Exp . OR Exp
   52    | Exp . RELOP Exp
   53    | Exp . PLUS Exp
   54    | Exp . MINUS Exp
   55    | Exp . STAR Exp
   56    | Exp . DIV Exp
   62    | Exp . LB Exp RB
   63    | Exp . DOT ID
   69 Args: Exp . COMMA Args
   70     | Exp .

    COMMA     shift, and go to state 117
    ASSIGNOP  shift, and go to state 85
    RELOP     shift, and go to state 86
    PLUS      shift, and go to state 87
    MINUS     shift, and go to state 88
    STAR      shift, and go to state 89
    DIV       shift, and go to state 90
    AND       shift, and go to state 91
    OR        shift, and go to state 92
    DOT       shift, and go to state 93
    LB        shift, and go to state 94

    $default  reduce using rule 70 (Args)


State 100

   60 Exp: ID LP Args . RP

    RP  shift, and go to state 118


State 101

   67 Exp: LP error RP .

    $default  reduce using rule 67 (Exp)


State 102

   68 Exp: LP Exp error . RP

    RP  shift, and go to state 119


State 103

   57 Exp: LP Exp RP .

    $default  reduce using rule 57 (Exp)


State 104

   35 Stmt: RETURN Exp SEMI .

    $default  reduce using rule 35 (Stmt)


State 105

   36 Stmt: IF LP Exp . RP Stmt
   37     | IF LP Exp . RP Stmt ELSE Stmt
   49 Exp: Exp . ASSIGNOP Exp
   50    | Exp . AND Exp
   51    | Exp . OR Exp
   52    | Exp . RELOP Exp
   53    | Exp . PLUS Exp
   54    | Exp . MINUS Exp
   55    | Exp . STAR Exp
   56    | Exp . DIV Exp
   62    | Exp . LB Exp RB
   63    | Exp . DOT ID

    ASSIGNOP  shift, and go to state 85
    RELOP     shift, and go to state 86
    PLUS      shift, and go to state 87
    MINUS     shift, and go to state 88
    STAR      shift, and go to state 89
    DIV       shift, and go to state 90
    AND       shift, and go to state 91
    OR        shift, and go to state 92
    DOT       shift, and go to state 93
    RP        shift, and go to state 120
    LB        shift, and go to state 94


State 106

   38 Stmt: WHILE LP Exp . RP Stmt
   49 Exp: Exp . ASSIGNOP Exp
   50    | Exp . AND Exp
   51    | Exp . OR Exp
   52    | Exp . RELOP Exp
   53    | Exp . PLUS Exp
   54    | Exp . MINUS Exp
   55    | Exp . STAR Exp
   56    | Exp . DIV Exp
   62    | Exp . LB Exp RB
   63    | Exp . DOT ID

    ASSIGNOP  shift, and go to state 85
    RELOP     shift, and go to state 86
    PLUS      shift, and go to state 87
    MINUS     shift, and go to state 88
    STAR      shift, and go to state 89
    DIV       shift, and go to state 90
    AND       shift, and go to state 91
    OR        shift, and go to state 92
    DOT       shift, and go to state 93
    RP        shift, and go to state 121
    LB        shift, and go to state 94


State 107

   49 Exp: Exp . ASSIGNOP Exp
   49    | Exp ASSIGNOP Exp .
   50    | Exp . AND Exp
   51    | Exp . OR Exp
   52    | Exp . RELOP Exp
   53    | Exp . PLUS Exp
   54    | Exp . MINUS Exp
   55    | Exp . STAR Exp
   56    | Exp . DIV Exp
   62    | Exp . LB Exp RB
   63    | Exp . DOT ID

    ASSIGNOP  shift, and go to state 85
    RELOP     shift, and go to state 86
    PLUS      shift, and go to state 87
    MINUS     shift, and go to state 88
    STAR      shift, and go to state 89
    DIV       shift, and go to state 90
    AND       shift, and go to state 91
    OR        shift, and go to state 92
    DOT       shift, and go to state 93
    LB        shift, and go to state 94

    $default  reduce using rule 49 (Exp)


State 108

   49 Exp: Exp . ASSIGNOP Exp
   50    | Exp . AND Exp
   51    | Exp . OR Exp
   52    | Exp . RELOP Exp
   52    | Exp RELOP Exp .
   53    | Exp . PLUS Exp
   54    | Exp . MINUS Exp
   55    | Exp . STAR Exp
   56    | Exp . DIV Exp
   62    | Exp . LB Exp RB
   63    | Exp . DOT ID

    PLUS   shift, and go to state 87
    MINUS  shift, and go to state 88
    STAR   shift, and go to state 89
    DIV    shift, and go to state 90
    DOT    shift, and go to state 93
    LB     shift, and go to state 94

    $default  reduce using rule 52 (Exp)


State 109

   49 Exp: Exp . ASSIGNOP Exp
   50    | Exp . AND Exp
   51    | Exp . OR Exp
   52    | Exp . RELOP Exp
   53    | Exp . PLUS Exp
   53    | Exp PLUS Exp .
   54    | Exp . MINUS Exp
   55    | Exp . STAR Exp
   56    | Exp . DIV Exp
   62    | Exp . LB Exp RB
   63    | Exp . DOT ID

    STAR  shift, and go to state 89
    DIV   shift, and go to state 90
    DOT   shift, and go to state 93
    LB    shift, and go to state 94

    $default  reduce using rule 53 (Exp)


State 110

   49 Exp: Exp . ASSIGNOP Exp
   50    | Exp . AND Exp
   51    | Exp . OR Exp
   52    | Exp . RELOP Exp
   53    | Exp . PLUS Exp
   54    | Exp . MINUS Exp
   54    | Exp MINUS Exp .
   55    | Exp . STAR Exp
   56    | Exp . DIV Exp
   62    | Exp . LB Exp RB
   63    | Exp . DOT ID

    STAR  shift, and go to state 89
    DIV   shift, and go to state 90
    DOT   shift, and go to state 93
    LB    shift, and go to state 94

    $default  reduce using rule 54 (Exp)


State 111

   49 Exp: Exp . ASSIGNOP Exp
   50    | Exp . AND Exp
   51    | Exp . OR Exp
   52    | Exp . RELOP Exp
   53    | Exp . PLUS Exp
   54    | Exp . MINUS Exp
   55    | Exp . STAR Exp
   55    | Exp STAR Exp .
   56    | Exp . DIV Exp
   62    | Exp . LB Exp RB
   63    | Exp . DOT ID

    DOT  shift, and go to state 93
    LB   shift, and go to state 94

    $default  reduce using rule 55 (Exp)


State 112

   49 Exp: Exp . ASSIGNOP Exp
   50    | Exp . AND Exp
   51    | Exp . OR Exp
   52    | Exp . RELOP Exp
   53    | Exp . PLUS Exp
   54    | Exp . MINUS Exp
   55    | Exp . STAR Exp
   56    | Exp . DIV Exp
   56    | Exp DIV Exp .
   62    | Exp . LB Exp RB
   63    | Exp . DOT ID

    DOT  shift, and go to state 93
    LB   shift, and go to state 94

    $default  reduce using rule 56 (Exp)


State 113

   49 Exp: Exp . ASSIGNOP Exp
   50    | Exp . AND Exp
   50    | Exp AND Exp .
   51    | Exp . OR Exp
   52    | Exp . RELOP Exp
   53    | Exp . PLUS Exp
   54    | Exp . MINUS Exp
   55    | Exp . STAR Exp
   56    | Exp . DIV Exp
   62    | Exp . LB Exp RB
   63    | Exp . DOT ID

    RELOP  shift, and go to state 86
    PLUS   shift, and go to state 87
    MINUS  shift, and go to state 88
    STAR   shift, and go to state 89
    DIV    shift, and go to state 90
    DOT    shift, and go to state 93
    LB     shift, and go to state 94

    $default  reduce using rule 50 (Exp)


State 114

   49 Exp: Exp . ASSIGNOP Exp
   50    | Exp . AND Exp
   51    | Exp . OR Exp
   51    | Exp OR Exp .
   52    | Exp . RELOP Exp
   53    | Exp . PLUS Exp
   54    | Exp . MINUS Exp
   55    | Exp . STAR Exp
   56    | Exp . DIV Exp
   62    | Exp . LB Exp RB
   63    | Exp . DOT ID

    RELOP  shift, and go to state 86
    PLUS   shift, and go to state 87
    MINUS  shift, and go to state 88
    STAR   shift, and go to state 89
    DIV    shift, and go to state 90
    AND    shift, and go to state 91
    DOT    shift, and go to state 93
    LB     shift, and go to state 94

    $default  reduce using rule 51 (Exp)


State 115

   63 Exp: Exp DOT ID .

    $default  reduce using rule 63 (Exp)


State 116

   49 Exp: Exp . ASSIGNOP Exp
   50    | Exp . AND Exp
   51    | Exp . OR Exp
   52    | Exp . RELOP Exp
   53    | Exp . PLUS Exp
   54    | Exp . MINUS Exp
   55    | Exp . STAR Exp
   56    | Exp . DIV Exp
   62    | Exp . LB Exp RB
   62    | Exp LB Exp . RB
   63    | Exp . DOT ID

    ASSIGNOP  shift, and go to state 85
    RELOP     shift, and go to state 86
    PLUS      shift, and go to state 87
    MINUS     shift, and go to state 88
    STAR      shift, and go to state 89
    DIV       shift, and go to state 90
    AND       shift, and go to state 91
    OR        shift, and go to state 92
    DOT       shift, and go to state 93
    LB        shift, and go to state 94
    RB        shift, and go to state 122


State 117

   69 Args: Exp COMMA . Args

    INT    shift, and go to state 55
    FLOAT  shift, and go to state 56
    ID     shift, and go to state 57
    MINUS  shift, and go to state 58
    NOT    shift, and go to state 59
    LP     shift, and go to state 60

    Exp   go to state 99
    Args  go to state 123


State 118

   60 Exp: ID LP Args RP .

    $default  reduce using rule 60 (Exp)


State 119

   68 Exp: LP Exp error RP .

    $default  reduce using rule 68 (Exp)


State 120

   36 Stmt: IF LP Exp RP . Stmt
   37     | IF LP Exp RP . Stmt ELSE Stmt

    error   shift, and go to state 54
    INT     shift, and go to state 55
    FLOAT   shift, and go to state 56
    ID      shift, and go to state 57
    MINUS   shift, and go to state 58
    NOT     shift, and go to state 59
    LP      shift, and go to state 60
    LC      shift, and go to state 30
    RETURN  shift, and go to state 61
    IF      shift, and go to state 62
    WHILE   shift, and go to state 63

    CompSt  go to state 64
    Stmt    go to state 124
    Exp     go to state 67


State 121

   38 Stmt: WHILE LP Exp RP . Stmt

    error   shift, and go to state 54
    INT     shift, and go to state 55
    FLOAT   shift, and go to state 56
    ID      shift, and go to state 57
    MINUS   shift, and go to state 58
    NOT     shift, and go to state 59
    LP      shift, and go to state 60
    LC      shift, and go to state 30
    RETURN  shift, and go to state 61
    IF      shift, and go to state 62
    WHILE   shift, and go to state 63

    CompSt  go to state 64
    Stmt    go to state 125
    Exp     go to state 67


State 122

   62 Exp: Exp LB Exp RB .

    $default  reduce using rule 62 (Exp)


State 123

   69 Args: Exp COMMA Args .

    $default  reduce using rule 69 (Args)


State 124

   36 Stmt: IF LP Exp RP Stmt .
   37     | IF LP Exp RP Stmt . ELSE Stmt

    ELSE  shift, and go to state 126

    $default  reduce using rule 36 (Stmt)


State 125

   38 Stmt: WHILE LP Exp RP Stmt .

    $default  reduce using rule 38 (Stmt)


State 126

   37 Stmt: IF LP Exp RP Stmt ELSE . Stmt

    error   shift, and go to state 54
    INT     shift, and go to state 55
    FLOAT   shift, and go to state 56
    ID      shift, and go to state 57
    MINUS   shift, and go to state 58
    NOT     shift, and go to state 59
    LP      shift, and go to state 60
    LC      shift, and go to state 30
    RETURN  shift, and go to state 61
    IF      shift, and go to state 62
    WHILE   shift, and go to state 63

    CompSt  go to state 64
    Stmt    go to state 127
    Exp     go to state 67


State 127

   37 Stmt: IF LP Exp RP Stmt ELSE Stmt .

    $default  reduce using rule 37 (Stmt)
